2025-08-01 18:17:24 [background-preinit] INFO  o.h.validator.internal.util.Version - [] HV000001: Hibernate Validator 8.0.2.Final
2025-08-01 18:17:24 [main] INFO  c.g.UserServiceApplicationTests - [] Starting UserServiceApplicationTests using Java 17.0.8 with PID 31028 (started by tripa in R:\Advance Saloon Booking APP\user-service)
2025-08-01 18:17:24 [main] DEBUG c.g.UserServiceApplicationTests - [] Running with Spring Boot v3.5.4, Spring v6.2.9
2025-08-01 18:17:24 [main] INFO  c.g.UserServiceApplicationTests - [] No active profile set, falling back to 1 default profile: "default"
2025-08-01 18:17:26 [main] INFO  o.s.d.r.c.RepositoryConfigurationDelegate - [] Bootstrapping Spring Data JPA repositories in DEFAULT mode.
2025-08-01 18:17:26 [main] INFO  o.s.d.r.c.RepositoryConfigurationDelegate - [] Finished Spring Data repository scanning in 90 ms. Found 1 JPA repository interface.
2025-08-01 18:17:26 [main] INFO  o.h.jpa.internal.util.LogHelper - [] HHH000204: Processing PersistenceUnitInfo [name: default]
2025-08-01 18:17:26 [main] INFO  org.hibernate.Version - [] HHH000412: Hibernate ORM core version 6.6.22.Final
2025-08-01 18:17:27 [main] INFO  o.h.c.i.RegionFactoryInitiator - [] HHH000026: Second-level cache disabled
2025-08-01 18:17:27 [main] INFO  o.s.o.j.p.SpringPersistenceUnitInfo - [] No LoadTimeWeaver setup: ignoring JPA class transformer
2025-08-01 18:17:27 [main] INFO  com.zaxxer.hikari.HikariDataSource - [] HikariPool-1 - Starting...
2025-08-01 18:17:28 [main] INFO  com.zaxxer.hikari.pool.HikariPool - [] HikariPool-1 - Added connection com.mysql.cj.jdbc.ConnectionImpl@67e4928c
2025-08-01 18:17:28 [main] INFO  com.zaxxer.hikari.HikariDataSource - [] HikariPool-1 - Start completed.
2025-08-01 18:17:28 [main] WARN  org.hibernate.orm.deprecation - [] HHH90000025: MySQL8Dialect does not need to be specified explicitly using 'hibernate.dialect' (remove the property setting and it will be selected by default)
2025-08-01 18:17:28 [main] WARN  org.hibernate.orm.deprecation - [] HHH90000026: MySQL8Dialect has been deprecated; use org.hibernate.dialect.MySQLDialect instead
2025-08-01 18:17:28 [main] INFO  o.hibernate.orm.connections.pooling - [] HHH10001005: Database info:
	Database JDBC URL [Connecting through datasource 'HikariDataSource (HikariPool-1)']
	Database driver: undefined/unknown
	Database version: 8.0
	Autocommit mode: undefined/unknown
	Isolation level: undefined/unknown
	Minimum pool size: undefined/unknown
	Maximum pool size: undefined/unknown
2025-08-01 18:17:29 [main] INFO  o.h.e.t.j.p.i.JtaPlatformInitiator - [] HHH000489: No JTA platform available (set 'hibernate.transaction.jta.platform' to enable JTA platform integration)
2025-08-01 18:17:29 [main] INFO  o.s.o.j.LocalContainerEntityManagerFactoryBean - [] Initialized JPA EntityManagerFactory for persistence unit 'default'
2025-08-01 18:17:29 [main] WARN  o.s.b.a.o.j.JpaBaseConfiguration$JpaWebConfiguration - [] spring.jpa.open-in-view is enabled by default. Therefore, database queries may be performed during view rendering. Explicitly configure spring.jpa.open-in-view to disable this warning
2025-08-01 18:17:30 [main] INFO  c.g.UserServiceApplicationTests - [] Started UserServiceApplicationTests in 6.114 seconds (process running for 7.332)
2025-08-01 18:17:31 [SpringApplicationShutdownHook] INFO  o.s.o.j.LocalContainerEntityManagerFactoryBean - [] Closing JPA EntityManagerFactory for persistence unit 'default'
2025-08-01 18:17:31 [SpringApplicationShutdownHook] INFO  com.zaxxer.hikari.HikariDataSource - [] HikariPool-1 - Shutdown initiated...
2025-08-01 18:17:31 [SpringApplicationShutdownHook] INFO  com.zaxxer.hikari.HikariDataSource - [] HikariPool-1 - Shutdown completed.
2025-08-01 18:28:38 [background-preinit] INFO  o.h.validator.internal.util.Version - [] HV000001: Hibernate Validator 8.0.2.Final
2025-08-01 18:28:38 [main] INFO  c.g.UserServiceApplicationTests - [] Starting UserServiceApplicationTests using Java 17.0.8 with PID 33376 (started by tripa in R:\Advance Saloon Booking APP\user-service)
2025-08-01 18:28:38 [main] DEBUG c.g.UserServiceApplicationTests - [] Running with Spring Boot v3.5.4, Spring v6.2.9
2025-08-01 18:28:38 [main] INFO  c.g.UserServiceApplicationTests - [] No active profile set, falling back to 1 default profile: "default"
2025-08-01 18:28:39 [main] INFO  o.s.d.r.c.RepositoryConfigurationDelegate - [] Bootstrapping Spring Data JPA repositories in DEFAULT mode.
2025-08-01 18:28:39 [main] INFO  o.s.d.r.c.RepositoryConfigurationDelegate - [] Finished Spring Data repository scanning in 63 ms. Found 1 JPA repository interface.
2025-08-01 18:28:40 [main] INFO  o.h.jpa.internal.util.LogHelper - [] HHH000204: Processing PersistenceUnitInfo [name: default]
2025-08-01 18:28:40 [main] INFO  org.hibernate.Version - [] HHH000412: Hibernate ORM core version 6.6.22.Final
2025-08-01 18:28:40 [main] INFO  o.h.c.i.RegionFactoryInitiator - [] HHH000026: Second-level cache disabled
2025-08-01 18:28:40 [main] INFO  o.s.o.j.p.SpringPersistenceUnitInfo - [] No LoadTimeWeaver setup: ignoring JPA class transformer
2025-08-01 18:28:40 [main] INFO  com.zaxxer.hikari.HikariDataSource - [] HikariPool-1 - Starting...
2025-08-01 18:28:41 [main] INFO  com.zaxxer.hikari.pool.HikariPool - [] HikariPool-1 - Added connection com.mysql.cj.jdbc.ConnectionImpl@67e4928c
2025-08-01 18:28:41 [main] INFO  com.zaxxer.hikari.HikariDataSource - [] HikariPool-1 - Start completed.
2025-08-01 18:28:41 [main] WARN  org.hibernate.orm.deprecation - [] HHH90000025: MySQL8Dialect does not need to be specified explicitly using 'hibernate.dialect' (remove the property setting and it will be selected by default)
2025-08-01 18:28:41 [main] WARN  org.hibernate.orm.deprecation - [] HHH90000026: MySQL8Dialect has been deprecated; use org.hibernate.dialect.MySQLDialect instead
2025-08-01 18:28:41 [main] INFO  o.hibernate.orm.connections.pooling - [] HHH10001005: Database info:
	Database JDBC URL [Connecting through datasource 'HikariDataSource (HikariPool-1)']
	Database driver: undefined/unknown
	Database version: 8.0
	Autocommit mode: undefined/unknown
	Isolation level: undefined/unknown
	Minimum pool size: undefined/unknown
	Maximum pool size: undefined/unknown
2025-08-01 18:28:42 [main] INFO  o.h.e.t.j.p.i.JtaPlatformInitiator - [] HHH000489: No JTA platform available (set 'hibernate.transaction.jta.platform' to enable JTA platform integration)
2025-08-01 18:28:42 [main] INFO  o.s.o.j.LocalContainerEntityManagerFactoryBean - [] Initialized JPA EntityManagerFactory for persistence unit 'default'
2025-08-01 18:28:42 [main] WARN  o.s.b.a.o.j.JpaBaseConfiguration$JpaWebConfiguration - [] spring.jpa.open-in-view is enabled by default. Therefore, database queries may be performed during view rendering. Explicitly configure spring.jpa.open-in-view to disable this warning
2025-08-01 18:28:43 [main] INFO  c.g.UserServiceApplicationTests - [] Started UserServiceApplicationTests in 4.805 seconds (process running for 5.876)
2025-08-01 18:28:43 [SpringApplicationShutdownHook] INFO  o.s.o.j.LocalContainerEntityManagerFactoryBean - [] Closing JPA EntityManagerFactory for persistence unit 'default'
2025-08-01 18:28:43 [SpringApplicationShutdownHook] INFO  com.zaxxer.hikari.HikariDataSource - [] HikariPool-1 - Shutdown initiated...
2025-08-01 18:28:43 [SpringApplicationShutdownHook] INFO  com.zaxxer.hikari.HikariDataSource - [] HikariPool-1 - Shutdown completed.
