2025-08-01T19:17:24.491+05:30  INFO 19716 --- [user-service] [restartedMain] [                                                 ] com.glowhouse.UserServiceApplication     : Starting UserServiceApplication using Java 17.0.8 with PID 19716 (R:\Advance Saloon Booking APP\user-service\target\classes started by tripa in R:\Advance Saloon Booking APP\user-service)
2025-08-01T19:17:24.496+05:30 DEBUG 19716 --- [user-service] [restartedMain] [                                                 ] com.glowhouse.UserServiceApplication     : Running with Spring Boot v3.5.4, Spring v6.2.9
2025-08-01T19:17:24.498+05:30  INFO 19716 --- [user-service] [restartedMain] [                                                 ] com.glowhouse.UserServiceApplication     : No active profile set, falling back to 1 default profile: "default"
2025-08-01T19:17:24.576+05:30  INFO 19716 --- [user-service] [restartedMain] [                                                 ] .e.DevToolsPropertyDefaultsPostProcessor : Devtools property defaults active! Set 'spring.devtools.add-properties' to 'false' to disable
2025-08-01T19:17:24.577+05:30  INFO 19716 --- [user-service] [restartedMain] [                                                 ] .e.DevToolsPropertyDefaultsPostProcessor : For additional web related logging consider setting the 'logging.level.web' property to 'DEBUG'
2025-08-01T19:17:25.880+05:30  INFO 19716 --- [user-service] [restartedMain] [                                                 ] .s.d.r.c.RepositoryConfigurationDelegate : Bootstrapping Spring Data JPA repositories in DEFAULT mode.
2025-08-01T19:17:25.960+05:30  INFO 19716 --- [user-service] [restartedMain] [                                                 ] .s.d.r.c.RepositoryConfigurationDelegate : Finished Spring Data repository scanning in 67 ms. Found 1 JPA repository interface.
2025-08-01T19:17:26.652+05:30  INFO 19716 --- [user-service] [restartedMain] [                                                 ] o.s.b.w.embedded.tomcat.TomcatWebServer  : Tomcat initialized with port 8080 (http)
2025-08-01T19:17:26.668+05:30  INFO 19716 --- [user-service] [restartedMain] [                                                 ] o.apache.catalina.core.StandardService   : Starting service [Tomcat]
2025-08-01T19:17:26.668+05:30  INFO 19716 --- [user-service] [restartedMain] [                                                 ] o.apache.catalina.core.StandardEngine    : Starting Servlet engine: [Apache Tomcat/10.1.43]
2025-08-01T19:17:26.747+05:30  INFO 19716 --- [user-service] [restartedMain] [                                                 ] o.a.c.c.C.[Tomcat].[localhost].[/]       : Initializing Spring embedded WebApplicationContext
2025-08-01T19:17:26.748+05:30  INFO 19716 --- [user-service] [restartedMain] [                                                 ] w.s.c.ServletWebServerApplicationContext : Root WebApplicationContext: initialization completed in 2170 ms
2025-08-01T19:17:27.186+05:30  INFO 19716 --- [user-service] [restartedMain] [                                                 ] o.hibernate.jpa.internal.util.LogHelper  : HHH000204: Processing PersistenceUnitInfo [name: default]
2025-08-01T19:17:27.247+05:30  INFO 19716 --- [user-service] [restartedMain] [                                                 ] org.hibernate.Version                    : HHH000412: Hibernate ORM core version 6.6.22.Final
2025-08-01T19:17:27.295+05:30  INFO 19716 --- [user-service] [restartedMain] [                                                 ] o.h.c.internal.RegionFactoryInitiator    : HHH000026: Second-level cache disabled
2025-08-01T19:17:27.636+05:30  INFO 19716 --- [user-service] [restartedMain] [                                                 ] o.s.o.j.p.SpringPersistenceUnitInfo      : No LoadTimeWeaver setup: ignoring JPA class transformer
2025-08-01T19:17:27.672+05:30  INFO 19716 --- [user-service] [restartedMain] [                                                 ] com.zaxxer.hikari.HikariDataSource       : HikariPool-1 - Starting...
2025-08-01T19:17:28.053+05:30  INFO 19716 --- [user-service] [restartedMain] [                                                 ] com.zaxxer.hikari.pool.HikariPool        : HikariPool-1 - Added connection com.mysql.cj.jdbc.ConnectionImpl@2884672a
2025-08-01T19:17:28.055+05:30  INFO 19716 --- [user-service] [restartedMain] [                                                 ] com.zaxxer.hikari.HikariDataSource       : HikariPool-1 - Start completed.
2025-08-01T19:17:28.105+05:30  WARN 19716 --- [user-service] [restartedMain] [                                                 ] org.hibernate.orm.deprecation            : HHH90000025: MySQL8Dialect does not need to be specified explicitly using 'hibernate.dialect' (remove the property setting and it will be selected by default)
2025-08-01T19:17:28.106+05:30  WARN 19716 --- [user-service] [restartedMain] [                                                 ] org.hibernate.orm.deprecation            : HHH90000026: MySQL8Dialect has been deprecated; use org.hibernate.dialect.MySQLDialect instead
2025-08-01T19:17:28.132+05:30  INFO 19716 --- [user-service] [restartedMain] [                                                 ] org.hibernate.orm.connections.pooling    : HHH10001005: Database info:
	Database JDBC URL [Connecting through datasource 'HikariDataSource (HikariPool-1)']
	Database driver: undefined/unknown
	Database version: 8.0
	Autocommit mode: undefined/unknown
	Isolation level: undefined/unknown
	Minimum pool size: undefined/unknown
	Maximum pool size: undefined/unknown
2025-08-01T19:17:28.997+05:30  INFO 19716 --- [user-service] [restartedMain] [                                                 ] o.h.e.t.j.p.i.JtaPlatformInitiator       : HHH000489: No JTA platform available (set 'hibernate.transaction.jta.platform' to enable JTA platform integration)
2025-08-01T19:17:29.044+05:30  INFO 19716 --- [user-service] [restartedMain] [                                                 ] j.LocalContainerEntityManagerFactoryBean : Initialized JPA EntityManagerFactory for persistence unit 'default'
2025-08-01T19:17:29.469+05:30  WARN 19716 --- [user-service] [restartedMain] [                                                 ] JpaBaseConfiguration$JpaWebConfiguration : spring.jpa.open-in-view is enabled by default. Therefore, database queries may be performed during view rendering. Explicitly configure spring.jpa.open-in-view to disable this warning
2025-08-01T19:17:30.130+05:30  INFO 19716 --- [user-service] [restartedMain] [                                                 ] o.s.b.d.a.OptionalLiveReloadServer       : LiveReload server is running on port 35729
2025-08-01T19:17:30.138+05:30  INFO 19716 --- [user-service] [restartedMain] [                                                 ] o.s.b.a.e.web.EndpointLinksResolver      : Exposing 1 endpoint beneath base path '/actuator'
2025-08-01T19:17:30.237+05:30  INFO 19716 --- [user-service] [restartedMain] [                                                 ] o.s.b.w.embedded.tomcat.TomcatWebServer  : Tomcat started on port 8080 (http) with context path '/'
2025-08-01T19:17:30.256+05:30  INFO 19716 --- [user-service] [restartedMain] [                                                 ] com.glowhouse.UserServiceApplication     : Started UserServiceApplication in 6.351 seconds (process running for 7.074)
2025-08-01T19:22:42.687+05:30  INFO 19716 --- [user-service] [SpringApplicationShutdownHook] [                                                 ] o.s.b.w.e.tomcat.GracefulShutdown        : Commencing graceful shutdown. Waiting for active requests to complete
2025-08-01T19:22:42.894+05:30  INFO 19716 --- [user-service] [tomcat-shutdown] [                                                 ] o.s.b.w.e.tomcat.GracefulShutdown        : Graceful shutdown complete
2025-08-01T19:22:42.897+05:30  INFO 19716 --- [user-service] [SpringApplicationShutdownHook] [                                                 ] j.LocalContainerEntityManagerFactoryBean : Closing JPA EntityManagerFactory for persistence unit 'default'
2025-08-01T19:22:42.900+05:30  INFO 19716 --- [user-service] [SpringApplicationShutdownHook] [                                                 ] com.zaxxer.hikari.HikariDataSource       : HikariPool-1 - Shutdown initiated...
2025-08-01T19:22:42.907+05:30  INFO 19716 --- [user-service] [SpringApplicationShutdownHook] [                                                 ] com.zaxxer.hikari.HikariDataSource       : HikariPool-1 - Shutdown completed.
2025-08-01T19:22:45.060+05:30  INFO 28428 --- [user-service] [restartedMain] [                                                 ] com.glowhouse.UserServiceApplication     : Starting UserServiceApplication using Java 17.0.8 with PID 28428 (R:\Advance Saloon Booking APP\user-service\target\classes started by tripa in R:\Advance Saloon Booking APP\user-service)
2025-08-01T19:22:45.066+05:30 DEBUG 28428 --- [user-service] [restartedMain] [                                                 ] com.glowhouse.UserServiceApplication     : Running with Spring Boot v3.5.4, Spring v6.2.9
2025-08-01T19:22:45.067+05:30  INFO 28428 --- [user-service] [restartedMain] [                                                 ] com.glowhouse.UserServiceApplication     : No active profile set, falling back to 1 default profile: "default"
2025-08-01T19:22:45.138+05:30  INFO 28428 --- [user-service] [restartedMain] [                                                 ] .e.DevToolsPropertyDefaultsPostProcessor : Devtools property defaults active! Set 'spring.devtools.add-properties' to 'false' to disable
2025-08-01T19:22:45.138+05:30  INFO 28428 --- [user-service] [restartedMain] [                                                 ] .e.DevToolsPropertyDefaultsPostProcessor : For additional web related logging consider setting the 'logging.level.web' property to 'DEBUG'
2025-08-01T19:22:46.456+05:30  INFO 28428 --- [user-service] [restartedMain] [                                                 ] .s.d.r.c.RepositoryConfigurationDelegate : Bootstrapping Spring Data JPA repositories in DEFAULT mode.
2025-08-01T19:22:46.524+05:30  INFO 28428 --- [user-service] [restartedMain] [                                                 ] .s.d.r.c.RepositoryConfigurationDelegate : Finished Spring Data repository scanning in 57 ms. Found 1 JPA repository interface.
2025-08-01T19:22:47.130+05:30  INFO 28428 --- [user-service] [restartedMain] [                                                 ] o.s.b.w.embedded.tomcat.TomcatWebServer  : Tomcat initialized with port 8080 (http)
2025-08-01T19:22:47.145+05:30  INFO 28428 --- [user-service] [restartedMain] [                                                 ] o.apache.catalina.core.StandardService   : Starting service [Tomcat]
2025-08-01T19:22:47.146+05:30  INFO 28428 --- [user-service] [restartedMain] [                                                 ] o.apache.catalina.core.StandardEngine    : Starting Servlet engine: [Apache Tomcat/10.1.43]
2025-08-01T19:22:47.205+05:30  INFO 28428 --- [user-service] [restartedMain] [                                                 ] o.a.c.c.C.[Tomcat].[localhost].[/]       : Initializing Spring embedded WebApplicationContext
2025-08-01T19:22:47.205+05:30  INFO 28428 --- [user-service] [restartedMain] [                                                 ] w.s.c.ServletWebServerApplicationContext : Root WebApplicationContext: initialization completed in 2066 ms
2025-08-01T19:22:47.595+05:30  INFO 28428 --- [user-service] [restartedMain] [                                                 ] o.hibernate.jpa.internal.util.LogHelper  : HHH000204: Processing PersistenceUnitInfo [name: default]
2025-08-01T19:22:47.643+05:30  INFO 28428 --- [user-service] [restartedMain] [                                                 ] org.hibernate.Version                    : HHH000412: Hibernate ORM core version 6.6.22.Final
2025-08-01T19:22:47.678+05:30  INFO 28428 --- [user-service] [restartedMain] [                                                 ] o.h.c.internal.RegionFactoryInitiator    : HHH000026: Second-level cache disabled
2025-08-01T19:22:47.970+05:30  INFO 28428 --- [user-service] [restartedMain] [                                                 ] o.s.o.j.p.SpringPersistenceUnitInfo      : No LoadTimeWeaver setup: ignoring JPA class transformer
2025-08-01T19:22:48.007+05:30  INFO 28428 --- [user-service] [restartedMain] [                                                 ] com.zaxxer.hikari.HikariDataSource       : HikariPool-1 - Starting...
2025-08-01T19:22:48.381+05:30  INFO 28428 --- [user-service] [restartedMain] [                                                 ] com.zaxxer.hikari.pool.HikariPool        : HikariPool-1 - Added connection com.mysql.cj.jdbc.ConnectionImpl@39e7a670
2025-08-01T19:22:48.383+05:30  INFO 28428 --- [user-service] [restartedMain] [                                                 ] com.zaxxer.hikari.HikariDataSource       : HikariPool-1 - Start completed.
2025-08-01T19:22:48.425+05:30  WARN 28428 --- [user-service] [restartedMain] [                                                 ] org.hibernate.orm.deprecation            : HHH90000025: MySQL8Dialect does not need to be specified explicitly using 'hibernate.dialect' (remove the property setting and it will be selected by default)
2025-08-01T19:22:48.426+05:30  WARN 28428 --- [user-service] [restartedMain] [                                                 ] org.hibernate.orm.deprecation            : HHH90000026: MySQL8Dialect has been deprecated; use org.hibernate.dialect.MySQLDialect instead
2025-08-01T19:22:48.452+05:30  INFO 28428 --- [user-service] [restartedMain] [                                                 ] org.hibernate.orm.connections.pooling    : HHH10001005: Database info:
	Database JDBC URL [Connecting through datasource 'HikariDataSource (HikariPool-1)']
	Database driver: undefined/unknown
	Database version: 8.0
	Autocommit mode: undefined/unknown
	Isolation level: undefined/unknown
	Minimum pool size: undefined/unknown
	Maximum pool size: undefined/unknown
2025-08-01T19:22:49.345+05:30  INFO 28428 --- [user-service] [restartedMain] [                                                 ] o.h.e.t.j.p.i.JtaPlatformInitiator       : HHH000489: No JTA platform available (set 'hibernate.transaction.jta.platform' to enable JTA platform integration)
2025-08-01T19:22:49.392+05:30  INFO 28428 --- [user-service] [restartedMain] [                                                 ] j.LocalContainerEntityManagerFactoryBean : Initialized JPA EntityManagerFactory for persistence unit 'default'
2025-08-01T19:22:49.797+05:30  WARN 28428 --- [user-service] [restartedMain] [                                                 ] JpaBaseConfiguration$JpaWebConfiguration : spring.jpa.open-in-view is enabled by default. Therefore, database queries may be performed during view rendering. Explicitly configure spring.jpa.open-in-view to disable this warning
2025-08-01T19:22:50.407+05:30  INFO 28428 --- [user-service] [restartedMain] [                                                 ] o.s.b.d.a.OptionalLiveReloadServer       : LiveReload server is running on port 35729
2025-08-01T19:22:50.415+05:30  INFO 28428 --- [user-service] [restartedMain] [                                                 ] o.s.b.a.e.web.EndpointLinksResolver      : Exposing 1 endpoint beneath base path '/actuator'
2025-08-01T19:22:50.512+05:30  INFO 28428 --- [user-service] [restartedMain] [                                                 ] o.s.b.w.embedded.tomcat.TomcatWebServer  : Tomcat started on port 8080 (http) with context path '/'
2025-08-01T19:22:50.531+05:30  INFO 28428 --- [user-service] [restartedMain] [                                                 ] com.glowhouse.UserServiceApplication     : Started UserServiceApplication in 6.072 seconds (process running for 6.657)
2025-08-01T19:23:44.576+05:30  INFO 28428 --- [user-service] [http-nio-8080-exec-1] [                                                 ] o.a.c.c.C.[Tomcat].[localhost].[/]       : Initializing Spring DispatcherServlet 'dispatcherServlet'
2025-08-01T19:23:44.576+05:30  INFO 28428 --- [user-service] [http-nio-8080-exec-1] [                                                 ] o.s.web.servlet.DispatcherServlet        : Initializing Servlet 'dispatcherServlet'
2025-08-01T19:23:44.578+05:30  INFO 28428 --- [user-service] [http-nio-8080-exec-1] [                                                 ] o.s.web.servlet.DispatcherServlet        : Completed initialization in 2 ms
2025-08-01T19:23:45.190+05:30  INFO 28428 --- [user-service] [http-nio-8080-exec-4] [688cc6e8d0e6d8d1a378f0c8332b7f6a-a378f0c8332b7f6a] o.springdoc.api.AbstractOpenApiResource  : Init duration for springdoc-openapi is: 323 ms
2025-08-01T19:25:36.619+05:30  INFO 28428 --- [user-service] [http-nio-8080-exec-10] [688cc75881cb582a3729955da0ee96fb-3729955da0ee96fb] c.g.service.impl.UserServiceImpl         : User with ID 1 updated successfully
2025-08-01T19:26:25.061+05:30  INFO 28428 --- [user-service] [SpringApplicationShutdownHook] [                                                 ] o.s.b.w.e.tomcat.GracefulShutdown        : Commencing graceful shutdown. Waiting for active requests to complete
2025-08-01T19:26:25.297+05:30  INFO 28428 --- [user-service] [tomcat-shutdown] [                                                 ] o.s.b.w.e.tomcat.GracefulShutdown        : Graceful shutdown complete
2025-08-01T19:26:25.302+05:30  INFO 28428 --- [user-service] [SpringApplicationShutdownHook] [                                                 ] j.LocalContainerEntityManagerFactoryBean : Closing JPA EntityManagerFactory for persistence unit 'default'
2025-08-01T19:26:25.307+05:30  INFO 28428 --- [user-service] [SpringApplicationShutdownHook] [                                                 ] com.zaxxer.hikari.HikariDataSource       : HikariPool-1 - Shutdown initiated...
2025-08-01T19:26:25.318+05:30  INFO 28428 --- [user-service] [SpringApplicationShutdownHook] [                                                 ] com.zaxxer.hikari.HikariDataSource       : HikariPool-1 - Shutdown completed.
2025-08-01T19:26:27.505+05:30  INFO 31276 --- [user-service] [restartedMain] [                                                 ] com.glowhouse.UserServiceApplication     : Starting UserServiceApplication using Java 17.0.8 with PID 31276 (R:\Advance Saloon Booking APP\user-service\target\classes started by tripa in R:\Advance Saloon Booking APP\user-service)
2025-08-01T19:26:27.510+05:30 DEBUG 31276 --- [user-service] [restartedMain] [                                                 ] com.glowhouse.UserServiceApplication     : Running with Spring Boot v3.5.4, Spring v6.2.9
2025-08-01T19:26:27.512+05:30  INFO 31276 --- [user-service] [restartedMain] [                                                 ] com.glowhouse.UserServiceApplication     : No active profile set, falling back to 1 default profile: "default"
2025-08-01T19:26:27.588+05:30  INFO 31276 --- [user-service] [restartedMain] [                                                 ] .e.DevToolsPropertyDefaultsPostProcessor : Devtools property defaults active! Set 'spring.devtools.add-properties' to 'false' to disable
2025-08-01T19:26:27.589+05:30  INFO 31276 --- [user-service] [restartedMain] [                                                 ] .e.DevToolsPropertyDefaultsPostProcessor : For additional web related logging consider setting the 'logging.level.web' property to 'DEBUG'
2025-08-01T19:26:28.854+05:30  INFO 31276 --- [user-service] [restartedMain] [                                                 ] .s.d.r.c.RepositoryConfigurationDelegate : Bootstrapping Spring Data JPA repositories in DEFAULT mode.
2025-08-01T19:26:28.935+05:30  INFO 31276 --- [user-service] [restartedMain] [                                                 ] .s.d.r.c.RepositoryConfigurationDelegate : Finished Spring Data repository scanning in 66 ms. Found 1 JPA repository interface.
2025-08-01T19:26:29.577+05:30  INFO 31276 --- [user-service] [restartedMain] [                                                 ] o.s.b.w.embedded.tomcat.TomcatWebServer  : Tomcat initialized with port 8080 (http)
2025-08-01T19:26:29.593+05:30  INFO 31276 --- [user-service] [restartedMain] [                                                 ] o.apache.catalina.core.StandardService   : Starting service [Tomcat]
2025-08-01T19:26:29.593+05:30  INFO 31276 --- [user-service] [restartedMain] [                                                 ] o.apache.catalina.core.StandardEngine    : Starting Servlet engine: [Apache Tomcat/10.1.43]
2025-08-01T19:26:29.657+05:30  INFO 31276 --- [user-service] [restartedMain] [                                                 ] o.a.c.c.C.[Tomcat].[localhost].[/]       : Initializing Spring embedded WebApplicationContext
2025-08-01T19:26:29.659+05:30  INFO 31276 --- [user-service] [restartedMain] [                                                 ] w.s.c.ServletWebServerApplicationContext : Root WebApplicationContext: initialization completed in 2070 ms
2025-08-01T19:26:30.061+05:30  INFO 31276 --- [user-service] [restartedMain] [                                                 ] o.hibernate.jpa.internal.util.LogHelper  : HHH000204: Processing PersistenceUnitInfo [name: default]
2025-08-01T19:26:30.120+05:30  INFO 31276 --- [user-service] [restartedMain] [                                                 ] org.hibernate.Version                    : HHH000412: Hibernate ORM core version 6.6.22.Final
2025-08-01T19:26:30.157+05:30  INFO 31276 --- [user-service] [restartedMain] [                                                 ] o.h.c.internal.RegionFactoryInitiator    : HHH000026: Second-level cache disabled
2025-08-01T19:26:30.489+05:30  INFO 31276 --- [user-service] [restartedMain] [                                                 ] o.s.o.j.p.SpringPersistenceUnitInfo      : No LoadTimeWeaver setup: ignoring JPA class transformer
2025-08-01T19:26:30.525+05:30  INFO 31276 --- [user-service] [restartedMain] [                                                 ] com.zaxxer.hikari.HikariDataSource       : HikariPool-1 - Starting...
2025-08-01T19:26:30.869+05:30  INFO 31276 --- [user-service] [restartedMain] [                                                 ] com.zaxxer.hikari.pool.HikariPool        : HikariPool-1 - Added connection com.mysql.cj.jdbc.ConnectionImpl@db83f30
2025-08-01T19:26:30.871+05:30  INFO 31276 --- [user-service] [restartedMain] [                                                 ] com.zaxxer.hikari.HikariDataSource       : HikariPool-1 - Start completed.
2025-08-01T19:26:30.916+05:30  WARN 31276 --- [user-service] [restartedMain] [                                                 ] org.hibernate.orm.deprecation            : HHH90000025: MySQL8Dialect does not need to be specified explicitly using 'hibernate.dialect' (remove the property setting and it will be selected by default)
2025-08-01T19:26:30.918+05:30  WARN 31276 --- [user-service] [restartedMain] [                                                 ] org.hibernate.orm.deprecation            : HHH90000026: MySQL8Dialect has been deprecated; use org.hibernate.dialect.MySQLDialect instead
2025-08-01T19:26:30.944+05:30  INFO 31276 --- [user-service] [restartedMain] [                                                 ] org.hibernate.orm.connections.pooling    : HHH10001005: Database info:
	Database JDBC URL [Connecting through datasource 'HikariDataSource (HikariPool-1)']
	Database driver: undefined/unknown
	Database version: 8.0
	Autocommit mode: undefined/unknown
	Isolation level: undefined/unknown
	Minimum pool size: undefined/unknown
	Maximum pool size: undefined/unknown
2025-08-01T19:26:31.809+05:30  INFO 31276 --- [user-service] [restartedMain] [                                                 ] o.h.e.t.j.p.i.JtaPlatformInitiator       : HHH000489: No JTA platform available (set 'hibernate.transaction.jta.platform' to enable JTA platform integration)
2025-08-01T19:26:31.858+05:30  INFO 31276 --- [user-service] [restartedMain] [                                                 ] j.LocalContainerEntityManagerFactoryBean : Initialized JPA EntityManagerFactory for persistence unit 'default'
2025-08-01T19:26:32.311+05:30  WARN 31276 --- [user-service] [restartedMain] [                                                 ] JpaBaseConfiguration$JpaWebConfiguration : spring.jpa.open-in-view is enabled by default. Therefore, database queries may be performed during view rendering. Explicitly configure spring.jpa.open-in-view to disable this warning
2025-08-01T19:26:33.019+05:30  INFO 31276 --- [user-service] [restartedMain] [                                                 ] o.s.b.d.a.OptionalLiveReloadServer       : LiveReload server is running on port 35729
2025-08-01T19:26:33.027+05:30  INFO 31276 --- [user-service] [restartedMain] [                                                 ] o.s.b.a.e.web.EndpointLinksResolver      : Exposing 1 endpoint beneath base path '/actuator'
2025-08-01T19:26:33.121+05:30  INFO 31276 --- [user-service] [restartedMain] [                                                 ] o.s.b.w.embedded.tomcat.TomcatWebServer  : Tomcat started on port 8080 (http) with context path '/'
2025-08-01T19:26:33.138+05:30  INFO 31276 --- [user-service] [restartedMain] [                                                 ] com.glowhouse.UserServiceApplication     : Started UserServiceApplication in 6.248 seconds (process running for 6.883)
2025-08-01T19:26:37.871+05:30  INFO 31276 --- [user-service] [http-nio-8080-exec-1] [                                                 ] o.a.c.c.C.[Tomcat].[localhost].[/]       : Initializing Spring DispatcherServlet 'dispatcherServlet'
2025-08-01T19:26:37.871+05:30  INFO 31276 --- [user-service] [http-nio-8080-exec-1] [                                                 ] o.s.web.servlet.DispatcherServlet        : Initializing Servlet 'dispatcherServlet'
2025-08-01T19:26:37.872+05:30  INFO 31276 --- [user-service] [http-nio-8080-exec-1] [                                                 ] o.s.web.servlet.DispatcherServlet        : Completed initialization in 1 ms
2025-08-01T19:26:38.070+05:30  INFO 31276 --- [user-service] [http-nio-8080-exec-1] [688cc795a8b2ba75b9cf2f4890291380-b9cf2f4890291380] c.g.service.impl.UserServiceImpl         : User with ID 1 updated successfully
2025-08-01T19:26:53.552+05:30  INFO 31276 --- [user-service] [SpringApplicationShutdownHook] [                                                 ] o.s.b.w.e.tomcat.GracefulShutdown        : Commencing graceful shutdown. Waiting for active requests to complete
2025-08-01T19:26:53.765+05:30  INFO 31276 --- [user-service] [tomcat-shutdown] [                                                 ] o.s.b.w.e.tomcat.GracefulShutdown        : Graceful shutdown complete
2025-08-01T19:26:53.769+05:30  INFO 31276 --- [user-service] [SpringApplicationShutdownHook] [                                                 ] j.LocalContainerEntityManagerFactoryBean : Closing JPA EntityManagerFactory for persistence unit 'default'
2025-08-01T19:26:53.772+05:30  INFO 31276 --- [user-service] [SpringApplicationShutdownHook] [                                                 ] com.zaxxer.hikari.HikariDataSource       : HikariPool-1 - Shutdown initiated...
2025-08-01T19:26:53.778+05:30  INFO 31276 --- [user-service] [SpringApplicationShutdownHook] [                                                 ] com.zaxxer.hikari.HikariDataSource       : HikariPool-1 - Shutdown completed.
